2025-12-04 20:11:48:1148 info: 🚀 Server running on port 3000 in development mode
2025-12-04 20:11:48:1148 info: 👷 Workers started
2025-12-04 20:11:48:1148 info: 🚀 Application started successfully
2025-12-04 20:13:15:1315 info: SIGTERM received, shutting down gracefully
2025-12-04 20:13:16:1316 info: 🚀 Server running on port 3000 in development mode
2025-12-04 20:13:16:1316 info: Running on localhost:3000
2025-12-04 20:13:16:1316 info: 👷 Workers started
2025-12-04 20:13:16:1316 info: 🚀 Application started successfully
2025-12-04 20:14:31:1431 info: SIGTERM received, shutting down gracefully
2025-12-04 20:14:32:1432 info: 🚀 Server running on port 3000 in development mode
2025-12-04 20:14:32:1432 info: Running on http://localhost:3000
2025-12-04 20:14:32:1432 info: 👷 Workers started
2025-12-04 20:14:32:1432 info: 🚀 Application started successfully
2025-12-04 20:15:12:1512 info: SIGTERM received, shutting down gracefully
2025-12-04 20:15:13:1513 info: 🚀 Server running on port 3000 in development mode
2025-12-04 20:15:13:1513 info: Running on http://localhost:3000/
2025-12-04 20:15:13:1513 info: 👷 Workers started
2025-12-04 20:15:13:1513 info: 🚀 Application started successfully
2025-12-04 20:24:35:2435 info: SIGTERM received, shutting down gracefully
2025-12-04 20:24:36:2436 info: 🚀 Server running on port 3000 in development mode
2025-12-04 20:24:36:2436 info: Running on http://localhost:3000/
2025-12-04 20:24:36:2436 info: 👷 Workers started
2025-12-04 20:24:36:2436 info: 🚀 Application started successfully
2025-12-04 20:54:00:540 info: 🚀 Server running on port 3000 in development mode
2025-12-04 20:54:00:540 info: Running on http://localhost:3000/
2025-12-04 20:54:00:540 info: 👷 Workers started
2025-12-04 20:54:00:540 info: 🚀 Application started successfully
2025-12-04 20:54:06:546 error: Error occurred
